[2026-01-11 09:05:30 : INFO] - Full Cache Purge triggered by action: wpo_active_plugin_or_theme_updated 
[2026-01-11 15:40:24 : INFO] - Cache for URL: https://newapp2025.shrradhasidhwani.com/doctor-dashboard/ has been purged, triggered by action: save_post 
[2026-01-11 15:40:24 : INFO] - Cache for author page URL: https://newapp2025.shrradhasidhwani.com/author/admin/ associated with post_type: page and Title: "Doctor Dashboard" has been purged, triggered by action: save_post 
[2026-01-11 15:40:39 : INFO] - Cache for URL: https://newapp2025.shrradhasidhwani.com/doctor-dashboard/ has been purged, triggered by action: save_post 
[2026-01-11 15:40:39 : INFO] - Cache for author page URL: https://newapp2025.shrradhasidhwani.com/author/admin/ associated with post_type: page and Title: "Doctor Dashboard" has been purged, triggered by action: save_post 
[2026-01-11 16:08:34 : INFO] - Cache for URL: https://newapp2025.shrradhasidhwani.com/doctor-details/ has been purged, triggered by action: save_post 
[2026-01-11 16:08:34 : INFO] - Cache for author page URL: https://newapp2025.shrradhasidhwani.com/author/admin/ associated with post_type: page and Title: "Doctor Details" has been purged, triggered by action: save_post 
[2026-01-11 16:09:29 : INFO] - Cache for URL: https://newapp2025.shrradhasidhwani.com/doctor-details/ has been purged, triggered by action: save_post 
[2026-01-11 16:09:29 : INFO] - Cache for author page URL: https://newapp2025.shrradhasidhwani.com/author/admin/ associated with post_type: page and Title: "Doctor Details" has been purged, triggered by action: save_post 
[2026-01-12 19:36:17 : INFO] - Cache for author page URL: https://newapp2025.shrradhasidhwani.com/author/admin/ associated with post_type: et_footer_layout and Title: "Theme Builder Layout" has been purged, triggered by action: save_post 
[2026-01-12 19:36:17 : INFO] - Cache for author page URL: https://newapp2025.shrradhasidhwani.com/author/admin/ associated with post_type: et_footer_layout and Title: "Theme Builder Layout" has been purged, triggered by action: save_post 
[2026-01-12 19:36:17 : INFO] - Cache for URL: https://newapp2025.shrradhasidhwani.com/ has been purged, triggered by action: save_post 
[2026-01-12 19:36:17 : INFO] - Cache for author page URL: https://newapp2025.shrradhasidhwani.com/author/admin/ associated with post_type: page and Title: "Home" has been purged, triggered by action: save_post 
[2026-01-12 19:36:17 : INFO] - Cache for URL: https://newapp2025.shrradhasidhwani.com/ has been purged, triggered by action: save_post 
[2026-01-12 19:36:17 : INFO] - Cache for author page URL: https://newapp2025.shrradhasidhwani.com/author/admin/ associated with post_type: page and Title: "Home" has been purged, triggered by action: save_post 
[2026-01-13 09:08:57 : INFO] - Full Cache Purge triggered by action: wpo_active_plugin_or_theme_updated 
[2026-01-14 04:30:06 : INFO] - Full Cache Purge triggered by action: wp_update_nav_menu 
[2026-01-14 04:30:08 : INFO] - Full Cache Purge triggered by action: wp_update_nav_menu 
[2026-01-14 04:33:47 : INFO] - Full Cache Purge triggered by action: wp_update_nav_menu 
[2026-01-14 04:33:48 : INFO] - Full Cache Purge triggered by action: wp_update_nav_menu 
[2026-01-14 09:05:44 : INFO] - Full Cache Purge triggered by action: wpo_active_plugin_or_theme_updated 
[2026-01-16 05:14:16 : INFO] - Pruning the Cache log file 
[2026-01-18 15:46:11 : INFO] - Full Cache Purge triggered by: plugin activation/deactivation 
[2026-01-19 09:05:32 : INFO] - Full Cache Purge triggered by action: wpo_active_plugin_or_theme_updated 
